
> log-monitoring@0.1.0 build
> next build

node.exe : ΓÜá Warning: 
Next.js inferred your 
workspace root, but it 
may not be correct.
At C:\Program 
Files\nodejs\npm.ps1:29 
char:3
+   & $NODE_EXE 
$NPM_CLI_JS $args
+   ~~~~~~~~~~~~~~~~~~~~~~
~~~~~~~
    + CategoryInfo        
      : NotSpecifi    ed: 
(ΓÜá Warning:     
Ne...not be correc    
t.:String) [], Rem    
oteException
    + FullyQualifiedEr    
rorId : NativeComm    
andError
 
 We detected multiple 
lockfiles and selected 
the directory of C:\Users\
deepa\package-lock.json 
as the root directory.
 To silence this warning, 
set `turbopack.root` in 
your Next.js config, or 
consider removing one of 
the lockfiles if it's not 
needed.
   See https://nextjs.org/
docs/app/api-reference/con
fig/next-config-js/turbopa
ck#root-directory for 
more information.
 Detected additional 
lockfiles: 
   * C:\Users\deepa\Music\
log-monitoring\package-loc
k.json

Γû▓ Next.js 16.1.6 (Turbopack)

  Creating an optimized production build ...

> Build error occurred
Error: Turbopack build 
failed with 14 errors:
./Music/log-monitoring/nod
e_modules/recharts/es6/car
tesian/CartesianAxis.js:15
:1
Module not found: Can't 
resolve 
'es-toolkit/compat/get'
[0m [90m 13 |[39m 
[36mimport[39m 
[33m*[39m [36mas[39m 
[33mReact[39m 
[36mfrom[39m [32m'react
'[39m[33m;[39m
 [90m 14 |[39m 
[36mimport[39m { 
useState[33m,[39m 
useRef[33m,[39m 
useCallback[33m,[39m 
forwardRef[33m,[39m 
useImperativeHandle } 
[36mfrom[39m [32m'react
'[39m[33m;[39m
[31m[1m>[22m[39m[90m 
15 |[39m 
[36mimport[39m 
[36mget[39m 
[36mfrom[39m [32m'es-to
olkit/compat/get'[39m[33
m;[39m
 [90m    |[39m [31m[1m
^[22m[39m[31m[1m^[22m
[39m[31m[1m^[22m[39m
[31m[1m^[22m[39m[31m[
1m^[22m[39m[31m[1m^[2
2m[39m[31m[1m^[22m[39
m[31m[1m^[22m[39m[31m
[1m^[22m[39m[31m[1m^
[22m[39m[31m[1m^[22m[
39m[31m[1m^[22m[39m[3
1m[1m^[22m[39m[31m[1m
^[22m[39m[31m[1m^[22m
[39m[31m[1m^[22m[39m
[31m[1m^[22m[39m[31m[
1m^[22m[39m[31m[1m^[2
2m[39m[31m[1m^[22m[39
m[31m[1m^[22m[39m[31m
[1m^[22m[39m[31m[1m^
[22m[39m[31m[1m^[22m[
39m[31m[1m^[22m[39m[3
1m[1m^[22m[39m[31m[1m
^[22m[39m[31m[1m^[22m
[39m[31m[1m^[22m[39m
[31m[1m^[22m[39m[31m[
1m^[22m[39m[31m[1m^[2
2m[39m[31m[1m^[22m[39
m[31m[1m^[22m[39m[31m
[1m^[22m[39m[31m[1m^
[22m[39m[31m[1m^[22m[
39m[31m[1m^[22m[39m[3
1m[1m^[22m[39m[31m[1m
^[22m[39m
 [90m 16 |[39m 
[36mimport[39m { clsx } 
[36mfrom[39m [32m'clsx'
[39m[33m;[39m
 [90m 17 |[39m 
[36mimport[39m { 
[33mLayer[39m } 
[36mfrom[39m [32m'../co
ntainer/Layer'[39m[33m;
[39m
 [90m 18 |[39m 
[36mimport[39m { 
[33mText[39m } 
[36mfrom[39m [32m'../co
mponent/Text'[39m[33m;[
39m[0m



Import traces:
  Client Component 
Browser:
    ./Music/log-monitoring
/node_modules/recharts/es6
/cartesian/CartesianAxis.j
s [Client Component 
Browser]
    ./Music/log-monitoring
/node_modules/recharts/es6
/cartesian/CartesianGrid.j
s [Client Component 
Browser]
    ./Music/log-monitoring
/src/components/Dashboard.
tsx [Client Component 
Browser]
    ./Music/log-monitoring
/src/components/Dashboard.
tsx [Server Component]
    ./Music/log-monitoring
/src/app/page.tsx [Server 
Component]

  Client Component SSR:
    ./Music/log-monitoring
/node_modules/recharts/es6
/cartesian/CartesianAxis.j
s [Client Component SSR]
    ./Music/log-monitoring
/node_modules/recharts/es6
/cartesian/CartesianGrid.j
s [Client Component SSR]
    ./Music/log-monitoring
/src/components/Dashboard.
tsx [Client Component SSR]
    ./Music/log-monitoring
/src/components/Dashboard.
tsx [Server Component]
    ./Music/log-monitoring
/src/app/page.tsx [Server 
Component]

https://nextjs.org/docs/me
ssages/module-not-found


./Music/log-monitoring/nod
e_modules/recharts/es6/pol
ar/Pie.js:15:1
Module not found: Can't 
resolve 
'es-toolkit/compat/get'
[0m [90m 13 |[39m 
[36mimport[39m 
[33m*[39m [36mas[39m 
[33mReact[39m 
[36mfrom[39m [32m'react
'[39m[33m;[39m
 [90m 14 |[39m 
[36mimport[39m { 
useCallback[33m,[39m 
useMemo[33m,[39m 
useRef[33m,[39m 
useState } [36mfrom[39m 
[32m'react'[39m[33m;[3
9m
[31m[1m>[22m[39m[90m 
15 |[39m 
[36mimport[39m 
[36mget[39m 
[36mfrom[39m [32m'es-to
olkit/compat/get'[39m[33
m;[39m
 [90m    |[39m [31m[1m
^[22m[39m[31m[1m^[22m
[39m[31m[1m^[22m[39m
[31m[1m^[22m[39m[31m[
1m^[22m[39m[31m[1m^[2
2m[39m[31m[1m^[22m[39
m[31m[1m^[22m[39m[31m
[1m^[22m[39m[31m[1m^
[22m[39m[31m[1m^[22m[
39m[31m[1m^[22m[39m[3
1m[1m^[22m[39m[31m[1m
^[22m[39m[31m[1m^[22m
[39m[31m[1m^[22m[39m
[31m[1m^[22m[39m[31m[
1m^[22m[39m[31m[1m^[2
2m[39m[31m[1m^[22m[39
m[31m[1m^[22m[39m[31m
[1m^[22m[39m[31m[1m^
[22m[39m[31m[1m^[22m[
39m[31m[1m^[22m[39m[3
1m[1m^[22m[39m[31m[1m
^[22m[39m[31m[1m^[22m
[39m[31m[1m^[22m[39m
[31m[1m^[22m[39m[31m[
1m^[22m[39m[31m[1m^[2
2m[39m[31m[1m^[22m[39
m[31m[1m^[22m[39m[31m
[1m^[22m[39m[31m[1m^
[22m[39m[31m[1m^[22m[
39m[31m[1m^[22m[39m[3
1m[1m^[22m[39m[31m[1m
^[22m[39m
 [90m 16 |[39m 
[36mimport[39m { clsx } 
[36mfrom[39m [32m'clsx'
[39m[33m;[39m
 [90m 17 |[39m 
[36mimport[39m { selectP
ieLegend[33m,[39m 
selectPieSectors } 
[36mfrom[39m [32m'../st
ate/selectors/pieSelectors
'[39m[33m;[39m
 [90m 18 |[39m 
[36mimport[39m { 
useAppSelector } 
[36mfrom[39m [32m'../st
ate/hooks'[39m[33m;[39m
[0m



Import traces:
  Client Component 
Browser:
    ./Music/log-monitoring
/node_modules/recharts/es6
/polar/Pie.js [Client 
Component Browser]
    ./Music/log-monitoring
/src/components/Dashboard.
tsx [Client Component 
Browser]
    ./Music/log-monitoring
/src/components/Dashboard.
tsx [Server Component]
    ./Music/log-monitoring
/src/app/page.tsx [Server 
Component]

  Client Component SSR:
    ./Music/log-monitoring
/node_modules/recharts/es6
/polar/Pie.js [Client 
Component SSR]
    ./Music/log-monitoring
/src/components/Dashboard.
tsx [Client Component SSR]
    ./Music/log-monitoring
/src/components/Dashboard.
tsx [Server Component]
    ./Music/log-monitoring
/src/app/page.tsx [Server 
Component]

https://nextjs.org/docs/me
ssages/module-not-found


./Music/log-monitoring/nod
e_modules/recharts/es6/uti
l/ChartUtils.js:7:1
Module not found: Can't 
resolve 
'es-toolkit/compat/get'
[0m [90m  5 |[39m 
[36mfunction[39m 
_toPrimitive(t[33m,[39m 
r) { [36mif[39m 
([32m"object"[39m 
[33m!=[39m 
[36mtypeof[39m t 
[33m||[39m 
[33m![39mt) 
[36mreturn[39m 
t[33m;[39m 
[36mvar[39m e 
[33m=[39m t[[33mSymbol
[39m[33m.[39mtoPrimitive
][33m;[39m [36mif[39m 
([36mvoid[39m 
[35m0[39m [33m!==[39m 
e) { [36mvar[39m i 
[33m=[39m e[33m.[39mca
ll(t[33m,[39m r 
[33m||[39m [32m"default
"[39m)[33m;[39m 
[36mif[39m 
([32m"object"[39m 
[33m!=[39m 
[36mtypeof[39m i) 
[36mreturn[39m 
i[33m;[39m 
[36mthrow[39m 
[36mnew[39m [33mTypeErr
or[39m([32m"@@toPrimitiv
e must return a primitive 
value."[39m)[33m;[39m 
} [36mreturn[39m 
([32m"string"[39m 
[33m===[39m r 
[33m?[39m 
[33mString[39m 
[33m:[39m [33mNumber[3
9m)(t)[33m;[39m }
 [90m  6 |[39m 
[36mimport[39m sortBy 
[36mfrom[39m [32m'es-to
olkit/compat/sortBy'[39m
[33m;[39m
[31m[1m>[22m[39m[90m 
 7 |[39m 
[36mimport[39m 
[36mget[39m 
[36mfrom[39m [32m'es-to
olkit/compat/get'[39m[33
m;[39m
 [90m    |[39m [31m[1m
^[22m[39m[31m[1m^[22m
[39m[31m[1m^[22m[39m
[31m[1m^[22m[39m[31m[
1m^[22m[39m[31m[1m^[2
2m[39m[31m[1m^[22m[39
m[31m[1m^[22m[39m[31m
[1m^[22m[39m[31m[1m^
[22m[39m[31m[1m^[22m[
39m[31m[1m^[22m[39m[3
1m[1m^[22m[39m[31m[1m
^[22m[39m[31m[1m^[22m
[39m[31m[1m^[22m[39m
[31m[1m^[22m[39m[31m[
1m^[22m[39m[31m[1m^[2
2m[39m[31m[1m^[22m[39
m[31m[1m^[22m[39m[31m
[1m^[22m[39m[31m[1m^
[22m[39m[31m[1m^[22m[
39m[31m[1m^[22m[39m[3
1m[1m^[22m[39m[31m[1m
^[22m[39m[31m[1m^[22m
[39m[31m[1m^[22m[39m
[31m[1m^[22m[39m[31m[
1m^[22m[39m[31m[1m^[2
2m[39m[31m[1m^[22m[39
m[31m[1m^[22m[39m[31m
[1m^[22m[39m[31m[1m^
[22m[39m[31m[1m^[22m[
39m[31m[1m^[22m[39m[3
1m[1m^[22m[39m[31m[1m
^[22m[39m
 [90m  8 |[39m 
[36mimport[39m { stack 
[36mas[39m 
shapeStack[33m,[39m stac
kOffsetExpand[33m,[39m s
tackOffsetNone[33m,[39m 
stackOffsetSilhouette[33m
,[39m stackOffsetWiggle[
33m,[39m stackOrderNone 
} [36mfrom[39m [32m'vic
tory-vendor/d3-shape'[39m
[33m;[39m
 [90m  9 |[39m 
[36mimport[39m { findEnt
ryInArray[33m,[39m 
isNan[33m,[39m 
isNotNil[33m,[39m 
isNullish[33m,[39m 
isNumber[33m,[39m 
isNumOrStr[33m,[39m 
mathSign } [36mfrom[39m 
[32m'./DataUtils'[39m[3
3m;[39m
 [90m 10 |[39m 
[36mimport[39m { 
getSliced } 
[36mfrom[39m [32m'./get
Sliced'[39m[33m;[39m[0
m



Import traces:
  Client Component 
Browser:
    ./Music/log-monitoring
/node_modules/recharts/es6
/util/ChartUtils.js 
[Client Component Browser]
    ./Music/log-monitoring
/node_modules/recharts/es6
/polar/Pie.js [Client 
Component Browser]
    ./Music/log-monitoring
/src/components/Dashboard.
tsx [Client Component 
Browser]
    ./Music/log-monitoring
/src/components/Dashboard.
tsx [Server Component]
    ./Music/log-monitoring
/src/app/page.tsx [Server 
Component]

  Client Component SSR:
    ./Music/log-monitoring
/node_modules/recharts/es6
/util/ChartUtils.js 
[Client Component SSR]
    ./Music/log-monitoring
/node_modules/recharts/es6
/polar/Pie.js [Client 
Component SSR]
    ./Music/log-monitoring
/src/components/Dashboard.
tsx [Client Component SSR]
    ./Music/log-monitoring
/src/components/Dashboard.
tsx [Server Component]
    ./Music/log-monitoring
/src/app/page.tsx [Server 
Component]

https://nextjs.org/docs/me
ssages/module-not-found


./Music/log-monitoring/nod
e_modules/recharts/es6/uti
l/DataUtils.js:1:1
Module not found: Can't 
resolve 
'es-toolkit/compat/get'
[0m[31m[1m>[22m[39m[
90m 1 |[39m 
[36mimport[39m 
[36mget[39m 
[36mfrom[39m [32m'es-to
olkit/compat/get'[39m[33
m;[39m
 [90m   |[39m [31m[1m^
[22m[39m[31m[1m^[22m
[39m[31m[1m^[22m[39m[
31m[1m^[22m[39m[31m[1
m^[22m[39m[31m[1m^[22
m[39m[31m[1m^[22m[39m
[31m[1m^[22m[39m[31m
[1m^[22m[39m[31m[1m^[
22m[39m[31m[1m^[22m[3
9m[31m[1m^[22m[39m[31
m[1m^[22m[39m[31m[1m^
[22m[39m[31m[1m^[22m
[39m[31m[1m^[22m[39m[
31m[1m^[22m[39m[31m[1
m^[22m[39m[31m[1m^[22
m[39m[31m[1m^[22m[39m
[31m[1m^[22m[39m[31m
[1m^[22m[39m[31m[1m^[
22m[39m[31m[1m^[22m[3
9m[31m[1m^[22m[39m[31
m[1m^[22m[39m[31m[1m^
[22m[39m[31m[1m^[22m
[39m[31m[1m^[22m[39m[
31m[1m^[22m[39m[31m[1
m^[22m[39m[31m[1m^[22
m[39m[31m[1m^[22m[39m
[31m[1m^[22m[39m[31m
[1m^[22m[39m[31m[1m^[
22m[39m[31m[1m^[22m[3
9m[31m[1m^[22m[39m[31
m[1m^[22m[39m[31m[1m^
[22m[39m
 [90m 2 |[39m 
[36mimport[39m { round 
} [36mfrom[39m [32m'./r
ound'[39m[33m;[39m
 [90m 3 |[39m 
[36mexport[39m 
[36mvar[39m mathSign 
[33m=[39m value 
[33m=>[39m {
 [90m 4 |[39m   
[36mif[39m (value 
[33m===[39m 
[35m0[39m) {[0m



Import traces:
  Client Component 
Browser:
    ./Music/log-monitoring
/node_modules/recharts/es6
/util/DataUtils.js 
[Client Component Browser]
    ./Music/log-monitoring
/node_modules/recharts/es6
/cartesian/Line.js 
[Client Component Browser]
    ./Music/log-monitoring
/src/components/Dashboard.
tsx [Client Component 
Browser]
    ./Music/log-monitoring
/src/components/Dashboard.
tsx [Server Component]
    ./Music/log-monitoring
/src/app/page.tsx [Server 
Component]

  Client Component SSR:
    ./Music/log-monitoring
/node_modules/recharts/es6
/util/DataUtils.js 
[Client Component SSR]
    ./Music/log-monitoring
/node_modules/recharts/es6
/cartesian/Line.js 
[Client Component SSR]
    ./Music/log-monitoring
/src/components/Dashboard.
tsx [Client Component SSR]
    ./Music/log-monitoring
/src/components/Dashboard.
tsx [Server Component]
    ./Music/log-monitoring
/src/app/page.tsx [Server 
Component]

https://nextjs.org/docs/me
ssages/module-not-found


./Music/log-monitoring/nod
e_modules/recharts/es6/uti
l/ReactUtils.js:1:1
Module not found: Can't 
resolve 
'es-toolkit/compat/get'
[0m[31m[1m>[22m[39m[
90m 1 |[39m 
[36mimport[39m 
[36mget[39m 
[36mfrom[39m [32m'es-to
olkit/compat/get'[39m[33
m;[39m
 [90m   |[39m [31m[1m^
[22m[39m[31m[1m^[22m
[39m[31m[1m^[22m[39m[
31m[1m^[22m[39m[31m[1
m^[22m[39m[31m[1m^[22
m[39m[31m[1m^[22m[39m
[31m[1m^[22m[39m[31m
[1m^[22m[39m[31m[1m^[
22m[39m[31m[1m^[22m[3
9m[31m[1m^[22m[39m[31
m[1m^[22m[39m[31m[1m^
[22m[39m[31m[1m^[22m
[39m[31m[1m^[22m[39m[
31m[1m^[22m[39m[31m[1
m^[22m[39m[31m[1m^[22
m[39m[31m[1m^[22m[39m
[31m[1m^[22m[39m[31m
[1m^[22m[39m[31m[1m^[
22m[39m[31m[1m^[22m[3
9m[31m[1m^[22m[39m[31
m[1m^[22m[39m[31m[1m^
[22m[39m[31m[1m^[22m
[39m[31m[1m^[22m[39m[
31m[1m^[22m[39m[31m[1
m^[22m[39m[31m[1m^[22
m[39m[31m[1m^[22m[39m
[31m[1m^[22m[39m[31m
[1m^[22m[39m[31m[1m^[
22m[39m[31m[1m^[22m[3
9m[31m[1m^[22m[39m[31
m[1m^[22m[39m[31m[1m^
[22m[39m
 [90m 2 |[39m 
[36mimport[39m { 
[33mChildren[39m } 
[36mfrom[39m [32m'react
'[39m[33m;[39m
 [90m 3 |[39m 
[36mimport[39m { 
isFragment } 
[36mfrom[39m [32m'react
-is'[39m[33m;[39m
 [90m 4 |[39m 
[36mimport[39m { 
isNullish } 
[36mfrom[39m [32m'./Dat
aUtils'[39m[33m;[39m[0
m



Import traces:
  Client Component 
Browser:
    ./Music/log-monitoring
/node_modules/recharts/es6
/util/ReactUtils.js 
[Client Component Browser]
    ./Music/log-monitoring
/node_modules/recharts/es6
/polar/Pie.js [Client 
Component Browser]
    ./Music/log-monitoring
/src/components/Dashboard.
tsx [Client Component 
Browser]
    ./Music/log-monitoring
/src/components/Dashboard.
tsx [Server Component]
    ./Music/log-monitoring
/src/app/page.tsx [Server 
Component]

  Client Component SSR:
    ./Music/log-monitoring
/node_modules/recharts/es6
/util/ReactUtils.js 
[Client Component SSR]
    ./Music/log-monitoring
/node_modules/recharts/es6
/polar/Pie.js [Client 
Component SSR]
    ./Music/log-monitoring
/src/components/Dashboard.
tsx [Client Component SSR]
    ./Music/log-monitoring
/src/components/Dashboard.
tsx [Server Component]
    ./Music/log-monitoring
/src/app/page.tsx [Server 
Component]

https://nextjs.org/docs/me
ssages/module-not-found


./Music/log-monitoring/nod
e_modules/recharts/es6/uti
l/ActiveShapeUtils.js:11:1
Module not found: Can't 
resolve 'es-toolkit/compat
/isPlainObject'
[0m [90m  9 |[39m 
[36mimport[39m 
[33m*[39m [36mas[39m 
[33mReact[39m 
[36mfrom[39m [32m'react
'[39m[33m;[39m
 [90m 10 |[39m 
[36mimport[39m { 
cloneElement[33m,[39m 
isValidElement } 
[36mfrom[39m [32m'react
'[39m[33m;[39m
[31m[1m>[22m[39m[90m 
11 |[39m 
[36mimport[39m 
isPlainObject 
[36mfrom[39m [32m'es-to
olkit/compat/isPlainObject
'[39m[33m;[39m
 [90m    |[39m [31m[1m
^[22m[39m[31m[1m^[22m
[39m[31m[1m^[22m[39m
[31m[1m^[22m[39m[31m[
1m^[22m[39m[31m[1m^[2
2m[39m[31m[1m^[22m[39
m[31m[1m^[22m[39m[31m
[1m^[22m[39m[31m[1m^
[22m[39m[31m[1m^[22m[
39m[31m[1m^[22m[39m[3
1m[1m^[22m[39m[31m[1m
^[22m[39m[31m[1m^[22m
[39m[31m[1m^[22m[39m
[31m[1m^[22m[39m[31m[
1m^[22m[39m[31m[1m^[2
2m[39m[31m[1m^[22m[39
m[31m[1m^[22m[39m[31m
[1m^[22m[39m[31m[1m^
[22m[39m[31m[1m^[22m[
39m[31m[1m^[22m[39m[3
1m[1m^[22m[39m[31m[1m
^[22m[39m[31m[1m^[22m
[39m[31m[1m^[22m[39m
[31m[1m^[22m[39m[31m[
1m^[22m[39m[31m[1m^[2
2m[39m[31m[1m^[22m[39
m[31m[1m^[22m[39m[31m
[1m^[22m[39m[31m[1m^
[22m[39m[31m[1m^[22m[
39m[31m[1m^[22m[39m[3
1m[1m^[22m[39m[31m[1m
^[22m[39m[31m[1m^[22m
[39m[31m[1m^[22m[39m
[31m[1m^[22m[39m[31m[
1m^[22m[39m[31m[1m^[2
2m[39m[31m[1m^[22m[39
m[31m[1m^[22m[39m[31m
[1m^[22m[39m[31m[1m^
[22m[39m[31m[1m^[22m[
39m[31m[1m^[22m[39m[3
1m[1m^[22m[39m[31m[1m
^[22m[39m[31m[1m^[22m
[39m[31m[1m^[22m[39m
[31m[1m^[22m[39m[31m[
1m^[22m[39m[31m[1m^[2
2m[39m[31m[1m^[22m[39
m[31m[1m^[22m[39m
 [90m 12 |[39m 
[36mimport[39m { 
[33mRectangle[39m } 
[36mfrom[39m [32m'../sh
ape/Rectangle'[39m[33m;
[39m
 [90m 13 |[39m 
[36mimport[39m { 
[33mTrapezoid[39m } 
[36mfrom[39m [32m'../sh
ape/Trapezoid'[39m[33m;
[39m
 [90m 14 |[39m 
[36mimport[39m { 
[33mSector[39m } 
[36mfrom[39m [32m'../sh
ape/Sector'[39m[33m;[39
m[0m



Import traces:
  Client Component 
Browser:
    ./Music/log-monitoring
/node_modules/recharts/es6
/util/ActiveShapeUtils.js 
[Client Component Browser]
    ./Music/log-monitoring
/node_modules/recharts/es6
/polar/Pie.js [Client 
Component Browser]
    ./Music/log-monitoring
/src/components/Dashboard.
tsx [Client Component 
Browser]
    ./Music/log-monitoring
/src/components/Dashboard.
tsx [Server Component]
    ./Music/log-monitoring
/src/app/page.tsx [Server 
Component]

  Client Component SSR:
    ./Music/log-monitoring
/node_modules/recharts/es6
/util/ActiveShapeUtils.js 
[Client Component SSR]
    ./Music/log-monitoring
/node_modules/recharts/es6
/polar/Pie.js [Client 
Component SSR]
    ./Music/log-monitoring
/src/components/Dashboard.
tsx [Client Component SSR]
    ./Music/log-monitoring
/src/components/Dashboard.
tsx [Server Component]
    ./Music/log-monitoring
/src/app/page.tsx [Server 
Component]

https://nextjs.org/docs/me
ssages/module-not-found


./Music/log-monitoring/nod
e_modules/recharts/es6/com
ponent/LabelList.js:8:1
Module not found: Can't 
resolve 
'es-toolkit/compat/last'
[0m [90m  6 |[39m 
[36mimport[39m 
[33m*[39m [36mas[39m 
[33mReact[39m 
[36mfrom[39m [32m'react
'[39m[33m;[39m
 [90m  7 |[39m 
[36mimport[39m { 
createContext[33m,[39m 
useContext } 
[36mfrom[39m [32m'react
'[39m[33m;[39m
[31m[1m>[22m[39m[90m 
 8 |[39m 
[36mimport[39m last 
[36mfrom[39m [32m'es-to
olkit/compat/last'[39m[3
3m;[39m
 [90m    |[39m [31m[1m
^[22m[39m[31m[1m^[22m
[39m[31m[1m^[22m[39m
[31m[1m^[22m[39m[31m[
1m^[22m[39m[31m[1m^[2
2m[39m[31m[1m^[22m[39
m[31m[1m^[22m[39m[31m
[1m^[22m[39m[31m[1m^
[22m[39m[31m[1m^[22m[
39m[31m[1m^[22m[39m[3
1m[1m^[22m[39m[31m[1m
^[22m[39m[31m[1m^[22m
[39m[31m[1m^[22m[39m
[31m[1m^[22m[39m[31m[
1m^[22m[39m[31m[1m^[2
2m[39m[31m[1m^[22m[39
m[31m[1m^[22m[39m[31m
[1m^[22m[39m[31m[1m^
[22m[39m[31m[1m^[22m[
39m[31m[1m^[22m[39m[3
1m[1m^[22m[39m[31m[1m
^[22m[39m[31m[1m^[22m
[39m[31m[1m^[22m[39m
[31m[1m^[22m[39m[31m[
1m^[22m[39m[31m[1m^[2
2m[39m[31m[1m^[22m[39
m[31m[1m^[22m[39m[31m
[1m^[22m[39m[31m[1m^
[22m[39m[31m[1m^[22m[
39m[31m[1m^[22m[39m[3
1m[1m^[22m[39m[31m[1m
^[22m[39m[31m[1m^[22m
[39m[31m[1m^[22m[39m
 [90m  9 |[39m 
[36mimport[39m { isLabel
ContentAFunction[33m,[39
m [33mLabel[39m } 
[36mfrom[39m [32m'./Lab
el'[39m[33m;[39m
 [90m 10 |[39m 
[36mimport[39m { 
[33mLayer[39m } 
[36mfrom[39m [32m'../co
ntainer/Layer'[39m[33m;
[39m
 [90m 11 |[39m 
[36mimport[39m { 
getValueByDataKey } 
[36mfrom[39m [32m'../ut
il/ChartUtils'[39m[33m;
[39m[0m



Import traces:
  Client Component 
Browser:
    ./Music/log-monitoring
/node_modules/recharts/es6
/component/LabelList.js 
[Client Component Browser]
    ./Music/log-monitoring
/node_modules/recharts/es6
/polar/Pie.js [Client 
Component Browser]
    ./Music/log-monitoring
/src/components/Dashboard.
tsx [Client Component 
Browser]
    ./Music/log-monitoring
/src/components/Dashboard.
tsx [Server Component]
    ./Music/log-monitoring
/src/app/page.tsx [Server 
Component]

  Client Component SSR:
    ./Music/log-monitoring
/node_modules/recharts/es6
/component/LabelList.js 
[Client Component SSR]
    ./Music/log-monitoring
/node_modules/recharts/es6
/polar/Pie.js [Client 
Component SSR]
    ./Music/log-monitoring
/src/components/Dashboard.
tsx [Client Component SSR]
    ./Music/log-monitoring
/src/components/Dashboard.
tsx [Server Component]
    ./Music/log-monitoring
/src/app/page.tsx [Server 
Component]

https://nextjs.org/docs/me
ssages/module-not-found


./Music/log-monitoring/nod
e_modules/recharts/es6/sta
te/selectors/axisSelectors
.js:7:1
Module not found: Can't 
resolve 
'es-toolkit/compat/range'
[0m [90m  5 |[39m 
[36mfunction[39m 
_toPrimitive(t[33m,[39m 
r) { [36mif[39m 
([32m"object"[39m 
[33m!=[39m 
[36mtypeof[39m t 
[33m||[39m 
[33m![39mt) 
[36mreturn[39m 
t[33m;[39m 
[36mvar[39m e 
[33m=[39m t[[33mSymbol
[39m[33m.[39mtoPrimitive
][33m;[39m [36mif[39m 
([36mvoid[39m 
[35m0[39m [33m!==[39m 
e) { [36mvar[39m i 
[33m=[39m e[33m.[39mca
ll(t[33m,[39m r 
[33m||[39m [32m"default
"[39m)[33m;[39m 
[36mif[39m 
([32m"object"[39m 
[33m!=[39m 
[36mtypeof[39m i) 
[36mreturn[39m 
i[33m;[39m 
[36mthrow[39m 
[36mnew[39m [33mTypeErr
or[39m([32m"@@toPrimitiv
e must return a primitive 
value."[39m)[33m;[39m 
} [36mreturn[39m 
([32m"string"[39m 
[33m===[39m r 
[33m?[39m 
[33mString[39m 
[33m:[39m [33mNumber[3
9m)(t)[33m;[39m }
 [90m  6 |[39m 
[36mimport[39m { 
createSelector } 
[36mfrom[39m [32m'resel
ect'[39m[33m;[39m
[31m[1m>[22m[39m[90m 
 7 |[39m 
[36mimport[39m range 
[36mfrom[39m [32m'es-to
olkit/compat/range'[39m[
33m;[39m
 [90m    |[39m [31m[1m
^[22m[39m[31m[1m^[22m
[39m[31m[1m^[22m[39m
[31m[1m^[22m[39m[31m[
1m^[22m[39m[31m[1m^[2
2m[39m[31m[1m^[22m[39
m[31m[1m^[22m[39m[31m
[1m^[22m[39m[31m[1m^
[22m[39m[31m[1m^[22m[
39m[31m[1m^[22m[39m[3
1m[1m^[22m[39m[31m[1m
^[22m[39m[31m[1m^[22m
[39m[31m[1m^[22m[39m
[31m[1m^[22m[39m[31m[
1m^[22m[39m[31m[1m^[2
2m[39m[31m[1m^[22m[39
m[31m[1m^[22m[39m[31m
[1m^[22m[39m[31m[1m^
[22m[39m[31m[1m^[22m[
39m[31m[1m^[22m[39m[3
1m[1m^[22m[39m[31m[1m
^[22m[39m[31m[1m^[22m
[39m[31m[1m^[22m[39m
[31m[1m^[22m[39m[31m[
1m^[22m[39m[31m[1m^[2
2m[39m[31m[1m^[22m[39
m[31m[1m^[22m[39m[31m
[1m^[22m[39m[31m[1m^
[22m[39m[31m[1m^[22m[
39m[31m[1m^[22m[39m[3
1m[1m^[22m[39m[31m[1m
^[22m[39m[31m[1m^[22m
[39m[31m[1m^[22m[39m
[31m[1m^[22m[39m[31m[
1m^[22m[39m
 [90m  8 |[39m 
[36mimport[39m 
[33m*[39m [36mas[39m 
d3Scales [36mfrom[39m [
32m'victory-vendor/d3-scal
e'[39m[33m;[39m
 [90m  9 |[39m 
[36mimport[39m { 
selectChartLayout } 
[36mfrom[39m [32m'../..
/context/chartLayoutContex
t'[39m[33m;[39m
 [90m 10 |[39m 
[36mimport[39m { getDoma
inOfStackGroups[33m,[39m
 
getStackedData[33m,[39m 
getValueByDataKey[33m,[3
9m isCategoricalAxis } 
[36mfrom[39m [32m'../..
/util/ChartUtils'[39m[33
m;[39m[0m



Import traces:
  Client Component 
Browser:
    ./Music/log-monitoring
/node_modules/recharts/es6
/state/selectors/axisSelec
tors.js [Client Component 
Browser]
    ./Music/log-monitoring
/node_modules/recharts/es6
/cartesian/XAxis.js 
[Client Component Browser]
    ./Music/log-monitoring
/src/components/Dashboard.
tsx [Client Component 
Browser]
    ./Music/log-monitoring
/src/components/Dashboard.
tsx [Server Component]
    ./Music/log-monitoring
/src/app/page.tsx [Server 
Component]

  Client Component SSR:
    ./Music/log-monitoring
/node_modules/recharts/es6
/state/selectors/axisSelec
tors.js [Client Component 
SSR]
    ./Music/log-monitoring
/node_modules/recharts/es6
/cartesian/XAxis.js 
[Client Component SSR]
    ./Music/log-monitoring
/src/components/Dashboard.
tsx [Client Component SSR]
    ./Music/log-monitoring
/src/components/Dashboard.
tsx [Server Component]
    ./Music/log-monitoring
/src/app/page.tsx [Server 
Component]

https://nextjs.org/docs/me
ssages/module-not-found


./Music/log-monitoring/nod
e_modules/recharts/es6/com
ponent/DefaultTooltipConte
nt.js:12:1
Module not found: Can't 
resolve 
'es-toolkit/compat/sortBy'
[0m [90m 10 |[39m
 [90m 11 |[39m 
[36mimport[39m 
[33m*[39m [36mas[39m 
[33mReact[39m 
[36mfrom[39m [32m'react
'[39m[33m;[39m
[31m[1m>[22m[39m[90m 
12 |[39m 
[36mimport[39m sortBy 
[36mfrom[39m [32m'es-to
olkit/compat/sortBy'[39m
[33m;[39m
 [90m    |[39m [31m[1m
^[22m[39m[31m[1m^[22m
[39m[31m[1m^[22m[39m
[31m[1m^[22m[39m[31m[
1m^[22m[39m[31m[1m^[2
2m[39m[31m[1m^[22m[39
m[31m[1m^[22m[39m[31m
[1m^[22m[39m[31m[1m^
[22m[39m[31m[1m^[22m[
39m[31m[1m^[22m[39m[3
1m[1m^[22m[39m[31m[1m
^[22m[39m[31m[1m^[22m
[39m[31m[1m^[22m[39m
[31m[1m^[22m[39m[31m[
1m^[22m[39m[31m[1m^[2
2m[39m[31m[1m^[22m[39
m[31m[1m^[22m[39m[31m
[1m^[22m[39m[31m[1m^
[22m[39m[31m[1m^[22m[
39m[31m[1m^[22m[39m[3
1m[1m^[22m[39m[31m[1m
^[22m[39m[31m[1m^[22m
[39m[31m[1m^[22m[39m
[31m[1m^[22m[39m[31m[
1m^[22m[39m[31m[1m^[2
2m[39m[31m[1m^[22m[39
m[31m[1m^[22m[39m[31m
[1m^[22m[39m[31m[1m^
[22m[39m[31m[1m^[22m[
39m[31m[1m^[22m[39m[3
1m[1m^[22m[39m[31m[1m
^[22m[39m[31m[1m^[22m
[39m[31m[1m^[22m[39m
[31m[1m^[22m[39m[31m[
1m^[22m[39m[31m[1m^[2
2m[39m[31m[1m^[22m[39
m
 [90m 13 |[39m 
[36mimport[39m { clsx } 
[36mfrom[39m [32m'clsx'
[39m[33m;[39m
 [90m 14 |[39m 
[36mimport[39m { 
isNullish[33m,[39m 
isNumOrStr } 
[36mfrom[39m [32m'../ut
il/DataUtils'[39m[33m;[
39m
 [90m 15 |[39m 
[36mfunction[39m 
defaultFormatter(value) 
{[0m



Import traces:
  Client Component 
Browser:
    ./Music/log-monitoring
/node_modules/recharts/es6
/component/DefaultTooltipC
ontent.js [Client 
Component Browser]
    ./Music/log-monitoring
/node_modules/recharts/es6
/component/Tooltip.js 
[Client Component Browser]
    ./Music/log-monitoring
/src/components/Dashboard.
tsx [Client Component 
Browser]
    ./Music/log-monitoring
/src/components/Dashboard.
tsx [Server Component]
    ./Music/log-monitoring
/src/app/page.tsx [Server 
Component]

  Client Component SSR:
    ./Music/log-monitoring
/node_modules/recharts/es6
/component/DefaultTooltipC
ontent.js [Client 
Component SSR]
    ./Music/log-monitoring
/node_modules/recharts/es6
/component/Tooltip.js 
[Client Component SSR]
    ./Music/log-monitoring
/src/components/Dashboard.
tsx [Client Component SSR]
    ./Music/log-monitoring
/src/components/Dashboard.
tsx [Server Component]
    ./Music/log-monitoring
/src/app/page.tsx [Server 
Component]

https://nextjs.org/docs/me
ssages/module-not-found


./Music/log-monitoring/nod
e_modules/recharts/es6/sta
te/selectors/legendSelecto
rs.js:2:1
Module not found: Can't 
resolve 
'es-toolkit/compat/sortBy'
[0m [90m 1 |[39m 
[36mimport[39m { 
createSelector } 
[36mfrom[39m [32m'resel
ect'[39m[33m;[39m
[31m[1m>[22m[39m[90m 
2 |[39m [36mimport[39m 
sortBy [36mfrom[39m [32
m'es-toolkit/compat/sortBy
'[39m[33m;[39m
 [90m   |[39m [31m[1m^
[22m[39m[31m[1m^[22m
[39m[31m[1m^[22m[39m[
31m[1m^[22m[39m[31m[1
m^[22m[39m[31m[1m^[22
m[39m[31m[1m^[22m[39m
[31m[1m^[22m[39m[31m
[1m^[22m[39m[31m[1m^[
22m[39m[31m[1m^[22m[3
9m[31m[1m^[22m[39m[31
m[1m^[22m[39m[31m[1m^
[22m[39m[31m[1m^[22m
[39m[31m[1m^[22m[39m[
31m[1m^[22m[39m[31m[1
m^[22m[39m[31m[1m^[22
m[39m[31m[1m^[22m[39m
[31m[1m^[22m[39m[31m
[1m^[22m[39m[31m[1m^[
22m[39m[31m[1m^[22m[3
9m[31m[1m^[22m[39m[31
m[1m^[22m[39m[31m[1m^
[22m[39m[31m[1m^[22m
[39m[31m[1m^[22m[39m[
31m[1m^[22m[39m[31m[1
m^[22m[39m[31m[1m^[22
m[39m[31m[1m^[22m[39m
[31m[1m^[22m[39m[31m
[1m^[22m[39m[31m[1m^[
22m[39m[31m[1m^[22m[3
9m[31m[1m^[22m[39m[31
m[1m^[22m[39m[31m[1m^
[22m[39m[31m[1m^[22m
[39m[31m[1m^[22m[39m[
31m[1m^[22m[39m[31m[1
m^[22m[39m[31m[1m^[22
m[39m[31m[1m^[22m[39m
 [90m 3 |[39m 
[36mexport[39m 
[36mvar[39m 
selectLegendSettings 
[33m=[39m state 
[33m=>[39m state[33m.[
39mlegend[33m.[39msettin
gs[33m;[39m
 [90m 4 |[39m 
[36mexport[39m 
[36mvar[39m 
selectLegendSize 
[33m=[39m state 
[33m=>[39m state[33m.[
39mlegend[33m.[39msize[
33m;[39m
 [90m 5 |[39m 
[36mvar[39m selectAllLeg
endPayload2DArray 
[33m=[39m state 
[33m=>[39m state[33m.[
39mlegend[33m.[39mpayloa
d[33m;[39m[0m



Import traces:
  Client Component 
Browser:
    ./Music/log-monitoring
/node_modules/recharts/es6
/state/selectors/legendSel
ectors.js [Client 
Component Browser]
    ./Music/log-monitoring
/node_modules/recharts/es6
/context/legendPayloadCont
ext.js [Client Component 
Browser]
    ./Music/log-monitoring
/node_modules/recharts/es6
/component/Legend.js 
[Client Component Browser]
    ./Music/log-monitoring
/src/components/Dashboard.
tsx [Client Component 
Browser]
    ./Music/log-monitoring
/src/components/Dashboard.
tsx [Server Component]
    ./Music/log-monitoring
/src/app/page.tsx [Server 
Component]

  Client Component SSR:
    ./Music/log-monitoring
/node_modules/recharts/es6
/state/selectors/legendSel
ectors.js [Client 
Component SSR]
    ./Music/log-monitoring
/node_modules/recharts/es6
/context/legendPayloadCont
ext.js [Client Component 
SSR]
    ./Music/log-monitoring
/node_modules/recharts/es6
/component/Legend.js 
[Client Component SSR]
    ./Music/log-monitoring
/src/components/Dashboard.
tsx [Client Component SSR]
    ./Music/log-monitoring
/src/components/Dashboard.
tsx [Server Component]
    ./Music/log-monitoring
/src/app/page.tsx [Server 
Component]

https://nextjs.org/docs/me
ssages/module-not-found


./Music/log-monitoring/nod
e_modules/recharts/es6/sta
te/selectors/selectors.js:
2:1
Module not found: Can't 
resolve 
'es-toolkit/compat/sortBy'
[0m [90m 1 |[39m 
[36mimport[39m { 
createSelector } 
[36mfrom[39m [32m'resel
ect'[39m[33m;[39m
[31m[1m>[22m[39m[90m 
2 |[39m [36mimport[39m 
sortBy [36mfrom[39m [32
m'es-toolkit/compat/sortBy
'[39m[33m;[39m
 [90m   |[39m [31m[1m^
[22m[39m[31m[1m^[22m
[39m[31m[1m^[22m[39m[
31m[1m^[22m[39m[31m[1
m^[22m[39m[31m[1m^[22
m[39m[31m[1m^[22m[39m
[31m[1m^[22m[39m[31m
[1m^[22m[39m[31m[1m^[
22m[39m[31m[1m^[22m[3
9m[31m[1m^[22m[39m[31
m[1m^[22m[39m[31m[1m^
[22m[39m[31m[1m^[22m
[39m[31m[1m^[22m[39m[
31m[1m^[22m[39m[31m[1
m^[22m[39m[31m[1m^[22
m[39m[31m[1m^[22m[39m
[31m[1m^[22m[39m[31m
[1m^[22m[39m[31m[1m^[
22m[39m[31m[1m^[22m[3
9m[31m[1m^[22m[39m[31
m[1m^[22m[39m[31m[1m^
[22m[39m[31m[1m^[22m
[39m[31m[1m^[22m[39m[
31m[1m^[22m[39m[31m[1
m^[22m[39m[31m[1m^[22
m[39m[31m[1m^[22m[39m
[31m[1m^[22m[39m[31m
[1m^[22m[39m[31m[1m^[
22m[39m[31m[1m^[22m[3
9m[31m[1m^[22m[39m[31
m[1m^[22m[39m[31m[1m^
[22m[39m[31m[1m^[22m
[39m[31m[1m^[22m[39m[
31m[1m^[22m[39m[31m[1
m^[22m[39m[31m[1m^[22
m[39m[31m[1m^[22m[39m
 [90m 3 |[39m 
[36mimport[39m { 
useAppSelector } 
[36mfrom[39m [32m'../ho
oks'[39m[33m;[39m
 [90m 4 |[39m 
[36mimport[39m { calcula
teCartesianTooltipPos[33m
,[39m 
calculatePolarTooltipPos 
} [36mfrom[39m [32m'../
../util/ChartUtils'[39m[
33m;[39m
 [90m 5 |[39m 
[36mimport[39m { selectC
hartDataWithIndexes } 
[36mfrom[39m [32m'./dat
aSelectors'[39m[33m;[39
m[0m



Import traces:
  Client Component 
Browser:
    ./Music/log-monitoring
/node_modules/recharts/es6
/state/selectors/selectors
.js [Client Component 
Browser]
    ./Music/log-monitoring
/node_modules/recharts/es6
/component/Tooltip.js 
[Client Component Browser]
    ./Music/log-monitoring
/src/components/Dashboard.
tsx [Client Component 
Browser]
    ./Music/log-monitoring
/src/components/Dashboard.
tsx [Server Component]
    ./Music/log-monitoring
/src/app/page.tsx [Server 
Component]

  Client Component SSR:
    ./Music/log-monitoring
/node_modules/recharts/es6
/state/selectors/selectors
.js [Client Component SSR]
    ./Music/log-monitoring
/node_modules/recharts/es6
/component/Tooltip.js 
[Client Component SSR]
    ./Music/log-monitoring
/src/components/Dashboard.
tsx [Client Component SSR]
    ./Music/log-monitoring
/src/components/Dashboard.
tsx [Server Component]
    ./Music/log-monitoring
/src/app/page.tsx [Server 
Component]

https://nextjs.org/docs/me
ssages/module-not-found


./Music/log-monitoring/nod
e_modules/recharts/es6/uti
l/ChartUtils.js:6:1
Module not found: Can't 
resolve 
'es-toolkit/compat/sortBy'
[0m [90m 4 |[39m 
[36mfunction[39m 
_toPropertyKey(t) { 
[36mvar[39m i 
[33m=[39m 
_toPrimitive(t[33m,[39m 
[32m"string"[39m)[33m;
[39m [36mreturn[39m 
[32m"symbol"[39m 
[33m==[39m 
[36mtypeof[39m i 
[33m?[39m i [33m:[39m 
i [33m+[39m 
[32m""[39m[33m;[39m }
 [90m 5 |[39m 
[36mfunction[39m 
_toPrimitive(t[33m,[39m 
r) { [36mif[39m 
([32m"object"[39m 
[33m!=[39m 
[36mtypeof[39m t 
[33m||[39m 
[33m![39mt) 
[36mreturn[39m 
t[33m;[39m 
[36mvar[39m e 
[33m=[39m t[[33mSymbol
[39m[33m.[39mtoPrimitive
][33m;[39m [36mif[39m 
([36mvoid[39m 
[35m0[39m [33m!==[39m 
e) { [36mvar[39m i 
[33m=[39m e[33m.[39mca
ll(t[33m,[39m r 
[33m||[39m [32m"default
"[39m)[33m;[39m 
[36mif[39m 
([32m"object"[39m 
[33m!=[39m 
[36mtypeof[39m i) 
[36mreturn[39m 
i[33m;[39m 
[36mthrow[39m 
[36mnew[39m [33mTypeErr
or[39m([32m"@@toPrimitiv
e must return a primitive 
value."[39m)[33m;[39m 
} [36mreturn[39m 
([32m"string"[39m 
[33m===[39m r 
[33m?[39m 
[33mString[39m 
[33m:[39m [33mNumber[3
9m)(t)[33m;[39m }
[31m[1m>[22m[39m[90m 
6 |[39m [36mimport[39m 
sortBy [36mfrom[39m [32
m'es-toolkit/compat/sortBy
'[39m[33m;[39m
 [90m   |[39m [31m[1m^
[22m[39m[31m[1m^[22m
[39m[31m[1m^[22m[39m[
31m[1m^[22m[39m[31m[1
m^[22m[39m[31m[1m^[22
m[39m[31m[1m^[22m[39m
[31m[1m^[22m[39m[31m
[1m^[22m[39m[31m[1m^[
22m[39m[31m[1m^[22m[3
9m[31m[1m^[22m[39m[31
m[1m^[22m[39m[31m[1m^
[22m[39m[31m[1m^[22m
[39m[31m[1m^[22m[39m[
31m[1m^[22m[39m[31m[1
m^[22m[39m[31m[1m^[22
m[39m[31m[1m^[22m[39m
[31m[1m^[22m[39m[31m
[1m^[22m[39m[31m[1m^[
22m[39m[31m[1m^[22m[3
9m[31m[1m^[22m[39m[31
m[1m^[22m[39m[31m[1m^
[22m[39m[31m[1m^[22m
[39m[31m[1m^[22m[39m[
31m[1m^[22m[39m[31m[1
m^[22m[39m[31m[1m^[22
m[39m[31m[1m^[22m[39m
[31m[1m^[22m[39m[31m
[1m^[22m[39m[31m[1m^[
22m[39m[31m[1m^[22m[3
9m[31m[1m^[22m[39m[31
m[1m^[22m[39m[31m[1m^
[22m[39m[31m[1m^[22m
[39m[31m[1m^[22m[39m[
31m[1m^[22m[39m[31m[1
m^[22m[39m[31m[1m^[22
m[39m[31m[1m^[22m[39m
 [90m 7 |[39m 
[36mimport[39m 
[36mget[39m 
[36mfrom[39m [32m'es-to
olkit/compat/get'[39m[33
m;[39m
 [90m 8 |[39m 
[36mimport[39m { stack 
[36mas[39m 
shapeStack[33m,[39m stac
kOffsetExpand[33m,[39m s
tackOffsetNone[33m,[39m 
stackOffsetSilhouette[33m
,[39m stackOffsetWiggle[
33m,[39m stackOrderNone 
} [36mfrom[39m [32m'vic
tory-vendor/d3-shape'[39m
[33m;[39m
 [90m 9 |[39m 
[36mimport[39m { findEnt
ryInArray[33m,[39m 
isNan[33m,[39m 
isNotNil[33m,[39m 
isNullish[33m,[39m 
isNumber[33m,[39m 
isNumOrStr[33m,[39m 
mathSign } [36mfrom[39m 
[32m'./DataUtils'[39m[3
3m;[39m[0m



Import traces:
  Client Component 
Browser:
    ./Music/log-monitoring
/node_modules/recharts/es6
/util/ChartUtils.js 
[Client Component Browser]
    ./Music/log-monitoring
/node_modules/recharts/es6
/polar/Pie.js [Client 
Component Browser]
    ./Music/log-monitoring
/src/components/Dashboard.
tsx [Client Component 
Browser]
    ./Music/log-monitoring
/src/components/Dashboard.
tsx [Server Component]
    ./Music/log-monitoring
/src/app/page.tsx [Server 
Component]

  Client Component SSR:
    ./Music/log-monitoring
/node_modules/recharts/es6
/util/ChartUtils.js 
[Client Component SSR]
    ./Music/log-monitoring
/node_modules/recharts/es6
/polar/Pie.js [Client 
Component SSR]
    ./Music/log-monitoring
/src/components/Dashboard.
tsx [Client Component SSR]
    ./Music/log-monitoring
/src/components/Dashboard.
tsx [Server Component]
    ./Music/log-monitoring
/src/app/page.tsx [Server 
Component]

https://nextjs.org/docs/me
ssages/module-not-found


./Music/log-monitoring/nod
e_modules/recharts/es6/com
ponent/ResponsiveContainer
.js:10:1
Module not found: Can't 
resolve 'es-toolkit/compat
/throttle'
[0m [90m  8 |[39m 
[36mimport[39m 
[33m*[39m [36mas[39m 
[33mReact[39m 
[36mfrom[39m [32m'react
'[39m[33m;[39m
 [90m  9 |[39m 
[36mimport[39m { 
createContext[33m,[39m 
forwardRef[33m,[39m 
useCallback[33m,[39m 
useContext[33m,[39m 
useEffect[33m,[39m useIm
perativeHandle[33m,[39m 
useMemo[33m,[39m 
useRef[33m,[39m 
useState } [36mfrom[39m 
[32m'react'[39m[33m;[3
9m
[31m[1m>[22m[39m[90m 
10 |[39m 
[36mimport[39m throttle 
[36mfrom[39m [32m'es-to
olkit/compat/throttle'[39
m[33m;[39m
 [90m    |[39m [31m[1m
^[22m[39m[31m[1m^[22m
[39m[31m[1m^[22m[39m
[31m[1m^[22m[39m[31m[
1m^[22m[39m[31m[1m^[2
2m[39m[31m[1m^[22m[39
m[31m[1m^[22m[39m[31m
[1m^[22m[39m[31m[1m^
[22m[39m[31m[1m^[22m[
39m[31m[1m^[22m[39m[3
1m[1m^[22m[39m[31m[1m
^[22m[39m[31m[1m^[22m
[39m[31m[1m^[22m[39m
[31m[1m^[22m[39m[31m[
1m^[22m[39m[31m[1m^[2
2m[39m[31m[1m^[22m[39
m[31m[1m^[22m[39m[31m
[1m^[22m[39m[31m[1m^
[22m[39m[31m[1m^[22m[
39m[31m[1m^[22m[39m[3
1m[1m^[22m[39m[31m[1m
^[22m[39m[31m[1m^[22m
[39m[31m[1m^[22m[39m
[31m[1m^[22m[39m[31m[
1m^[22m[39m[31m[1m^[2
2m[39m[31m[1m^[22m[39
m[31m[1m^[22m[39m[31m
[1m^[22m[39m[31m[1m^
[22m[39m[31m[1m^[22m[
39m[31m[1m^[22m[39m[3
1m[1m^[22m[39m[31m[1m
^[22m[39m[31m[1m^[22m
[39m[31m[1m^[22m[39m
[31m[1m^[22m[39m[31m[
1m^[22m[39m[31m[1m^[2
2m[39m[31m[1m^[22m[39
m[31m[1m^[22m[39m[31m
[1m^[22m[39m[31m[1m^
[22m[39m[31m[1m^[22m[
39m
 [90m 11 |[39m 
[36mimport[39m { 
isNumber[33m,[39m noop 
} [36mfrom[39m [32m'../
util/DataUtils'[39m[33m;
[39m
 [90m 12 |[39m 
[36mimport[39m { warn } 
[36mfrom[39m [32m'../ut
il/LogUtils'[39m[33m;[3
9m
 [90m 13 |[39m 
[36mimport[39m { calcula
teChartDimensions[33m,[3
9m defaultResponsiveContai
nerProps[33m,[39m getDef
aultWidthAndHeight[33m,[
39m getInnerDivStyle } 
[36mfrom[39m [32m'./res
ponsiveContainerUtils'[39
m[33m;[39m[0m



Import traces:
  Client Component 
Browser:
    ./Music/log-monitoring
/node_modules/recharts/es6
/component/ResponsiveConta
iner.js [Client Component 
Browser]
    ./Music/log-monitoring
/src/components/Dashboard.
tsx [Client Component 
Browser]
    ./Music/log-monitoring
/src/components/Dashboard.
tsx [Server Component]
    ./Music/log-monitoring
/src/app/page.tsx [Server 
Component]

  Client Component SSR:
    ./Music/log-monitoring
/node_modules/recharts/es6
/component/ResponsiveConta
iner.js [Client Component 
SSR]
    ./Music/log-monitoring
/src/components/Dashboard.
tsx [Client Component SSR]
    ./Music/log-monitoring
/src/components/Dashboard.
tsx [Server Component]
    ./Music/log-monitoring
/src/app/page.tsx [Server 
Component]

https://nextjs.org/docs/me
ssages/module-not-found


./Music/log-monitoring/nod
e_modules/recharts/es6/uti
l/payload/getUniqPayload.j
s:1:1
Module not found: Can't 
resolve 
'es-toolkit/compat/uniqBy'
[0m[31m[1m>[22m[39m[
90m 1 |[39m 
[36mimport[39m uniqBy 
[36mfrom[39m [32m'es-to
olkit/compat/uniqBy'[39m
[33m;[39m
 [90m   |[39m [31m[1m^
[22m[39m[31m[1m^[22m
[39m[31m[1m^[22m[39m[
31m[1m^[22m[39m[31m[1
m^[22m[39m[31m[1m^[22
m[39m[31m[1m^[22m[39m
[31m[1m^[22m[39m[31m
[1m^[22m[39m[31m[1m^[
22m[39m[31m[1m^[22m[3
9m[31m[1m^[22m[39m[31
m[1m^[22m[39m[31m[1m^
[22m[39m[31m[1m^[22m
[39m[31m[1m^[22m[39m[
31m[1m^[22m[39m[31m[1
m^[22m[39m[31m[1m^[22
m[39m[31m[1m^[22m[39m
[31m[1m^[22m[39m[31m
[1m^[22m[39m[31m[1m^[
22m[39m[31m[1m^[22m[3
9m[31m[1m^[22m[39m[31
m[1m^[22m[39m[31m[1m^
[22m[39m[31m[1m^[22m
[39m[31m[1m^[22m[39m[
31m[1m^[22m[39m[31m[1
m^[22m[39m[31m[1m^[22
m[39m[31m[1m^[22m[39m
[31m[1m^[22m[39m[31m
[1m^[22m[39m[31m[1m^[
22m[39m[31m[1m^[22m[3
9m[31m[1m^[22m[39m[31
m[1m^[22m[39m[31m[1m^
[22m[39m[31m[1m^[22m
[39m[31m[1m^[22m[39m[
31m[1m^[22m[39m[31m[1
m^[22m[39m[31m[1m^[22
m[39m[31m[1m^[22m[39m
 [90m 2 |[39m
 [90m 3 |[39m 
[90m/**[39m
 [90m 4 |[39m [90m * 
This is configuration 
option that decides how 
to filter for unique 
values only:[39m[0m



Import traces:
  Client Component 
Browser:
    ./Music/log-monitoring
/node_modules/recharts/es6
/util/payload/getUniqPaylo
ad.js [Client Component 
Browser]
    ./Music/log-monitoring
/node_modules/recharts/es6
/component/Legend.js 
[Client Component Browser]
    ./Music/log-monitoring
/src/components/Dashboard.
tsx [Client Component 
Browser]
    ./Music/log-monitoring
/src/components/Dashboard.
tsx [Server Component]
    ./Music/log-monitoring
/src/app/page.tsx [Server 
Component]

  Client Component SSR:
    ./Music/log-monitoring
/node_modules/recharts/es6
/util/payload/getUniqPaylo
ad.js [Client Component 
SSR]
    ./Music/log-monitoring
/node_modules/recharts/es6
/component/Legend.js 
[Client Component SSR]
    ./Music/log-monitoring
/src/components/Dashboard.
tsx [Client Component SSR]
    ./Music/log-monitoring
/src/components/Dashboard.
tsx [Server Component]
    ./Music/log-monitoring
/src/app/page.tsx [Server 
Component]

https://nextjs.org/docs/me
ssages/module-not-found


    at <unknown> (https://
nextjs.org/docs/messages/m
odule-not-found)
    at <unknown> (https://
nextjs.org/docs/messages/m
odule-not-found)
    at <unknown> (https://
nextjs.org/docs/messages/m
odule-not-found)
    at <unknown> (https://
nextjs.org/docs/messages/m
odule-not-found)
    at <unknown> (https://
nextjs.org/docs/messages/m
odule-not-found)
    at <unknown> (https://
nextjs.org/docs/messages/m
odule-not-found)
    at <unknown> (https://
nextjs.org/docs/messages/m
odule-not-found)
    at <unknown> (https://
nextjs.org/docs/messages/m
odule-not-found)
    at <unknown> (https://
nextjs.org/docs/messages/m
odule-not-found)
    at <unknown> (https://
nextjs.org/docs/messages/m
odule-not-found)
    at <unknown> (https://
nextjs.org/docs/messages/m
odule-not-found)
    at <unknown> (https://
nextjs.org/docs/messages/m
odule-not-found)
    at <unknown> (https://
nextjs.org/docs/messages/m
odule-not-found)
    at <unknown> (https://
nextjs.org/docs/messages/m
odule-not-found)
